0 info it worked if it ends with ok
1 verbose cli [ '/usr/bin/nodejs', '/usr/bin/npm', 'run', 'deploy-gitbook' ]
2 info using npm@3.5.2
3 info using node@v4.2.6
4 verbose run-script [ 'predeploy-gitbook', 'deploy-gitbook', 'postdeploy-gitbook' ]
5 info lifecycle gitbook-boilerplate@0.0.1~predeploy-gitbook: gitbook-boilerplate@0.0.1
6 silly lifecycle gitbook-boilerplate@0.0.1~predeploy-gitbook: no script for predeploy-gitbook, continuing
7 info lifecycle gitbook-boilerplate@0.0.1~deploy-gitbook: gitbook-boilerplate@0.0.1
8 verbose lifecycle gitbook-boilerplate@0.0.1~deploy-gitbook: unsafe-perm in lifecycle true
9 verbose lifecycle gitbook-boilerplate@0.0.1~deploy-gitbook: PATH: /usr/share/npm/bin/node-gyp-bin:/home/ubuntu/Documentos/Sources/tareas-iniciales-merquililycony/node_modules/.bin:/home/ubuntu/bin:/home/ubuntu/.local/bin:/usr/local/sbin:/usr/local/bin:/usr/sbin:/usr/bin:/sbin:/bin:/usr/games:/usr/local/games:/snap/bin
10 verbose lifecycle gitbook-boilerplate@0.0.1~deploy-gitbook: CWD: /home/ubuntu/Documentos/Sources/tareas-iniciales-merquililycony
11 silly lifecycle gitbook-boilerplate@0.0.1~deploy-gitbook: Args: [ '-c', './scripts/losh deploy-gitbook' ]
12 silly lifecycle gitbook-boilerplate@0.0.1~deploy-gitbook: Returned: code: 1  signal: null
13 info lifecycle gitbook-boilerplate@0.0.1~deploy-gitbook: Failed to exec deploy-gitbook script
14 verbose stack Error: gitbook-boilerplate@0.0.1 deploy-gitbook: `./scripts/losh deploy-gitbook`
14 verbose stack Exit status 1
14 verbose stack     at EventEmitter.<anonymous> (/usr/share/npm/lib/utils/lifecycle.js:232:16)
14 verbose stack     at emitTwo (events.js:87:13)
14 verbose stack     at EventEmitter.emit (events.js:172:7)
14 verbose stack     at ChildProcess.<anonymous> (/usr/share/npm/lib/utils/spawn.js:24:14)
14 verbose stack     at emitTwo (events.js:87:13)
14 verbose stack     at ChildProcess.emit (events.js:172:7)
14 verbose stack     at maybeClose (internal/child_process.js:821:16)
14 verbose stack     at Process.ChildProcess._handle.onexit (internal/child_process.js:211:5)
15 verbose pkgid gitbook-boilerplate@0.0.1
16 verbose cwd /home/ubuntu/Documentos/Sources/tareas-iniciales-merquililycony
17 error Linux 4.4.0-31-generic
18 error argv "/usr/bin/nodejs" "/usr/bin/npm" "run" "deploy-gitbook"
19 error node v4.2.6
20 error npm  v3.5.2
21 error code ELIFECYCLE
22 error gitbook-boilerplate@0.0.1 deploy-gitbook: `./scripts/losh deploy-gitbook`
22 error Exit status 1
23 error Failed at the gitbook-boilerplate@0.0.1 deploy-gitbook script './scripts/losh deploy-gitbook'.
23 error Make sure you have the latest version of node.js and npm installed.
23 error If you do, this is most likely a problem with the gitbook-boilerplate package,
23 error not with npm itself.
23 error Tell the author that this fails on your system:
23 error     ./scripts/losh deploy-gitbook
23 error You can get information on how to open an issue for this project with:
23 error     npm bugs gitbook-boilerplate
23 error Or if that isn't available, you can get their info via:
23 error     npm owner ls gitbook-boilerplate
23 error There is likely additional logging output above.
24 verbose exit [ 1, true ]
